<?xml version="1.0" encoding="UTF-8"?>
<!-- Generated by org.testng.reporters.JUnitReportReporter -->
<testsuite hostname="DESKTOP-KJ2AQ4I" failures="0" tests="2" name="mavensecond.gurudemo" time="10.430" errors="0" timestamp="11 Oct 2022 09:00:21 GMT">
  <testcase classname="mavensecond.gurudemo" name="Testcase1" time="4.590"/>
  <testcase classname="mavensecond.gurudemo" name="Testcase2" time="5.840"/>
</testsuite> <!-- mavensecond.gurudemo -->
