<?xml version="1.0" encoding="UTF-8"?>
<!-- Generated by org.testng.reporters.JUnitReportReporter -->
<testsuite hostname="DESKTOP-KJ2AQ4I" failures="0" tests="1" name="mavensecond.secondmaven" time="20.096" errors="0" timestamp="10 Oct 2022 09:02:45 GMT">
  <testcase classname="mavensecond.secondmaven" name="testcase2" time="20.096"/>
</testsuite> <!-- mavensecond.secondmaven -->
