<?xml version="1.0" encoding="UTF-8"?>
<!-- Generated by org.testng.reporters.JUnitReportReporter -->
<testsuite hostname="DESKTOP-KJ2AQ4I" failures="0" tests="3" name="mavensecond.orangehrm2" time="13.363" errors="0" timestamp="16 Oct 2022 23:50:27 GMT">
  <testcase classname="mavensecond.orangehrm2" name="Testcase" time="1.195"/>
  <testcase classname="mavensecond.orangehrm2" name="Testcase3" time="4.013"/>
  <testcase classname="mavensecond.orangehrm2" name="testcase1" time="8.155"/>
</testsuite> <!-- mavensecond.orangehrm2 -->
