<?xml version="1.0" encoding="UTF-8"?>
<!-- Generated by org.testng.reporters.JUnitReportReporter -->
<testsuite hostname="DESKTOP-KJ2AQ4I" failures="0" tests="2" name="mavensecond.orangeHrm1" time="25.088" errors="0" timestamp="14 Oct 2022 08:48:27 GMT">
  <testcase classname="mavensecond.orangeHrm1" name="Testcase2" time="20.674"/>
  <testcase classname="mavensecond.orangeHrm1" name="Testcase1" time="4.414"/>
</testsuite> <!-- mavensecond.orangeHrm1 -->
