<?xml version="1.0" encoding="UTF-8"?>
<!-- Generated by org.testng.reporters.JUnitReportReporter -->
<testsuite hostname="DESKTOP-KJ2AQ4I" failures="0" tests="2" name="mavensecond.link" time="10.236" errors="0" timestamp="17 Oct 2022 07:47:52 GMT">
  <testcase classname="mavensecond.link" name="Testcase2" time="5.476"/>
  <testcase classname="mavensecond.link" name="Testcase" time="4.760"/>
</testsuite> <!-- mavensecond.link -->
