<?xml version="1.0" encoding="UTF-8"?>
<!-- Generated by org.testng.reporters.JUnitReportReporter -->
<testsuite hostname="DESKTOP-KJ2AQ4I" failures="0" tests="1" name="mavensecond.secondmaven" time="23.639" errors="0" timestamp="13 Oct 2022 10:43:52 GMT">
  <testcase classname="mavensecond.secondmaven" name="testcase2" time="23.639"/>
</testsuite> <!-- mavensecond.secondmaven -->
