<?xml version="1.0" encoding="UTF-8"?>
<!-- Generated by org.testng.reporters.JUnitReportReporter -->
<testsuite hostname="DESKTOP-KJ2AQ4I" failures="0" tests="1" name="mavensecond.itera1" time="19.170" errors="0" timestamp="13 Oct 2022 09:34:20 GMT">
  <testcase classname="mavensecond.itera1" name="Teatcase" time="19.170"/>
</testsuite> <!-- mavensecond.itera1 -->
