<?xml version="1.0" encoding="UTF-8"?>
<!-- Generated by org.testng.reporters.JUnitReportReporter -->
<testsuite hostname="DESKTOP-KJ2AQ4I" failures="0" tests="2" name="mavensecond.gurudemo" time="29.759" errors="0" timestamp="13 Oct 2022 04:12:34 GMT">
  <testcase classname="mavensecond.gurudemo" name="Testcase2" time="24.855"/>
  <testcase classname="mavensecond.gurudemo" name="Testcase1" time="4.904"/>
</testsuite> <!-- mavensecond.gurudemo -->
