<?xml version="1.0" encoding="UTF-8"?>
<!-- Generated by org.testng.reporters.JUnitReportReporter -->
<testsuite hostname="DESKTOP-KJ2AQ4I" failures="0" tests="2" name="mavensecond.maven4" time="22.163" errors="0" timestamp="14 Oct 2022 08:41:19 GMT">
  <testcase classname="mavensecond.maven4" name="Testcase2" time="19.728"/>
  <testcase classname="mavensecond.maven4" name="testcase5" time="2.435"/>
</testsuite> <!-- mavensecond.maven4 -->
