<?xml version="1.0" encoding="UTF-8"?>
<!-- Generated by org.testng.reporters.JUnitReportReporter -->
<testsuite hostname="DESKTOP-KJ2AQ4I" failures="0" tests="1" name="mavensecond.trail1" time="23.282" errors="0" timestamp="11 Oct 2022 07:29:17 GMT">
  <testcase classname="mavensecond.trail1" name="Testcase1" time="23.282"/>
</testsuite> <!-- mavensecond.trail1 -->
