<?xml version="1.0" encoding="UTF-8"?>
<!-- Generated by org.testng.reporters.JUnitReportReporter -->
<testsuite hostname="DESKTOP-KJ2AQ4I" failures="0" tests="1" name="mavensecond.trail2" time="14.368" errors="0" timestamp="12 Oct 2022 05:53:34 GMT">
  <testcase classname="mavensecond.trail2" name="Testcase" time="14.368"/>
</testsuite> <!-- mavensecond.trail2 -->
